INFO:sim:172 - Generating IP...
Applying current project options...
Finished applying current project options.
WARNING:sim - A core named 'ram_40000x8' already exists in the project. Output
   products for this core may be overwritten.
Resolving generics for 'ram_40000x8'...
WARNING:sim - A core named 'ram_40000x8' already exists in the project. Output
   products for this core may be overwritten.
Applying external generics to 'ram_40000x8'...
Delivering associated files for 'ram_40000x8'...
Delivering EJava files for 'ram_40000x8'...
Generating implementation netlist for 'ram_40000x8'...
INFO:sim - Pre-processing HDL files for 'ram_40000x8'...
Running synthesis for 'ram_40000x8'
Running ngcbuild...
Writing VEO instantiation template for 'ram_40000x8'...
Writing Verilog behavioral simulation model for 'ram_40000x8'...
WARNING:sim - Overwriting existing file
   E:/FPGA/17vga__frame/ise/vga_frame/ipcore_dir/tmp/_cg/ram_40000x8/doc/blk_mem
   _gen_v7_3_vinfo.html with file from view xilinx_documentation
Delivered 1 file into directory
E:/FPGA/17vga__frame/ise/vga_frame/ipcore_dir/tmp/_cg/ram_40000x8
Generating ASY schematic symbol...
INFO:sim:949 - Finished generation of ASY schematic symbol.
Generating SYM schematic symbol for 'ram_40000x8'...
Generating metadata file...
Regenerating ISE project file for 'ram_40000x8'...
Generating ISE project...
XCO file found: ram_40000x8.xco
XMDF file found: ram_40000x8_xmdf.tcl
Adding E:/FPGA/17vga__frame/ise/vga_frame/ipcore_dir/tmp/_cg/ram_40000x8.asy
-view all -origin_type imported
Adding E:/FPGA/17vga__frame/ise/vga_frame/ipcore_dir/tmp/_cg/ram_40000x8.ngc
-view all -origin_type created
Checking file
"E:/FPGA/17vga__frame/ise/vga_frame/ipcore_dir/tmp/_cg/ram_40000x8.ngc" for
project device match ...
File "E:/FPGA/17vga__frame/ise/vga_frame/ipcore_dir/tmp/_cg/ram_40000x8.ngc"
device information matches project device.
Adding E:/FPGA/17vga__frame/ise/vga_frame/ipcore_dir/tmp/_cg/ram_40000x8.sym
-view all -origin_type imported
Adding E:/FPGA/17vga__frame/ise/vga_frame/ipcore_dir/tmp/_cg/ram_40000x8.v -view
all -origin_type created
INFO:HDLCompiler:1845 - Analyzing Verilog file
   "E:/FPGA/17vga__frame/ise/vga_frame/ipcore_dir/tmp/_cg/ram_40000x8.v" into
   library work
INFO:ProjectMgmt - Parsing design hierarchy completed successfully.
Adding E:/FPGA/17vga__frame/ise/vga_frame/ipcore_dir/tmp/_cg/ram_40000x8.veo
-view all -origin_type imported
INFO:TclTasksC:2116 - The automatic calculation of top has been turned-off.
   Please set the new top explicitly by running the "project set top" command.
   To re-calculate the new top automatically, set the "Auto Implementation Top"
   property to true.
Top level has been set to "/ram_40000x8"
Generating README file...
Generating FLIST file...
INFO:sim:948 - Finished FLIST file generation.
Launching README viewer...
Moving files to output directory...
Finished moving files to output directory
Wrote CGP file for project 'ram_40000x8'.
